2024-09-08 22:49:11,026 : INFO : root : Loading config.
2024-09-08 22:49:11,076 : INFO : YamlMultifileConfigLoader : Machine config file #1: config.yaml
2024-09-08 22:49:11,106 : WARNING : ConfigProcessor : Config file in cache changed: C:\Users\Administrator\Documents\fast_homebrew_godot\config\config.yaml
2024-09-08 22:49:11,106 : INFO : ConfigProcessor : Loading config from file C:\Users\Administrator\AppData\Local\Programs\Python\Python310\lib\site-packages\mpf\mpfconfig.yaml.
2024-09-08 22:49:11,107 : DEBUG : YAML File Interface : Loading file: C:\Users\Administrator\AppData\Local\Programs\Python\Python310\lib\site-packages\mpf\mpfconfig.yaml
2024-09-08 22:49:11,458 : INFO : ConfigProcessor : Loading config: C:\Users\Administrator\AppData\Local\Programs\Python\Python310\lib\site-packages\mpf\mpfconfig.yaml
2024-09-08 22:49:11,460 : INFO : ConfigProcessor : Loading config from file C:\Users\Administrator\Documents\fast_homebrew_godot\config\config.yaml.
2024-09-08 22:49:11,475 : DEBUG : YAML File Interface : Loading file: C:\Users\Administrator\Documents\fast_homebrew_godot\config\config.yaml
2024-09-08 22:49:11,698 : INFO : ConfigProcessor : Loading config: C:\Users\Administrator\Documents\fast_homebrew_godot\config\config.yaml
2024-09-08 22:49:11,699 : DEBUG : YAML File Interface : Loading file: C:\Users\Administrator\Documents\fast_homebrew_godot\config\lights.yaml
2024-09-08 22:49:11,699 : INFO : ConfigProcessor : Loading config: C:\Users\Administrator\Documents\fast_homebrew_godot\config\lights.yaml
2024-09-08 22:49:11,700 : DEBUG : YAML File Interface : Loading file: C:\Users\Administrator\Documents\fast_homebrew_godot\config\coils.yaml
2024-09-08 22:49:11,701 : INFO : ConfigProcessor : Loading config: C:\Users\Administrator\Documents\fast_homebrew_godot\config\coils.yaml
2024-09-08 22:49:11,702 : DEBUG : YAML File Interface : Loading file: C:\Users\Administrator\Documents\fast_homebrew_godot\config\switches.yaml
2024-09-08 22:49:11,704 : INFO : ConfigProcessor : Loading config: C:\Users\Administrator\Documents\fast_homebrew_godot\config\switches.yaml
2024-09-08 22:49:11,704 : DEBUG : YAML File Interface : Loading file: C:\Users\Administrator\Documents\fast_homebrew_godot\config\sounds.yaml
2024-09-08 22:49:11,706 : DEBUG : YAML File Interface : Loading file: C:\Users\Administrator\Documents\fast_homebrew_godot\config\images.yaml
2024-09-08 22:49:11,706 : INFO : ConfigProcessor : Loading config: C:\Users\Administrator\Documents\fast_homebrew_godot\config\images.yaml
2024-09-08 22:49:11,707 : DEBUG : YAML File Interface : Loading file: C:\Users\Administrator\Documents\fast_homebrew_godot\config\videos.yaml
2024-09-08 22:49:11,708 : INFO : ConfigProcessor : Loading config: C:\Users\Administrator\Documents\fast_homebrew_godot\config\videos.yaml
2024-09-08 22:49:11,711 : INFO : ConfigProcessor : Config file cache created: C:\Users\ADMINI~1\AppData\Local\Temp\d1d13b71f03ff6cb7b42d9c6bb8e160f.mpf_cache
2024-09-08 22:49:13,775 : DEBUG : YamlMultifileConfigLoader : Loading mode attract from C:\Users\Administrator\AppData\Local\Programs\Python\Python310\lib\site-packages\mpf\modes\attract\config\attract.yaml
2024-09-08 22:49:13,791 : DEBUG : YamlMultifileConfigLoader : Loading mode attract from C:\Users\Administrator\AppData\Local\Programs\Python\Python310\lib\site-packages\mpf\modes\attract\config\attract.yaml
2024-09-08 22:49:13,839 : INFO : ConfigProcessor : Loading config from cache: C:\Users\ADMINI~1\AppData\Local\Temp\baa68abd602a2a90f66edd8e37c874c7.mpf_cache
2024-09-08 22:49:13,841 : DEBUG : YamlMultifileConfigLoader : Loading mode game from C:\Users\Administrator\AppData\Local\Programs\Python\Python310\lib\site-packages\mpf\modes\game\config\game.yaml
2024-09-08 22:49:13,843 : INFO : ConfigProcessor : Loading config from cache: C:\Users\ADMINI~1\AppData\Local\Temp\f48eab4eba32ca9097b4976f8036bfbf.mpf_cache
2024-09-08 22:49:13,874 : DEBUG : YamlMultifileConfigLoader : Loading mode base from C:\Users\Administrator\AppData\Local\Programs\Python\Python310\lib\site-packages\mpf\modes\base\config\base.yaml
2024-09-08 22:49:13,874 : INFO : ConfigProcessor : Loading config from cache: C:\Users\ADMINI~1\AppData\Local\Temp\20d8a08f313923c863e280a74de3cd75.mpf_cache
2024-09-08 22:49:13,875 : DEBUG : YamlMultifileConfigLoader : Loading mode attract from C:\Users\Administrator\AppData\Local\Programs\Python\Python310\lib\site-packages\mpf\modes\attract\config\attract.yaml
2024-09-08 22:49:13,875 : DEBUG : YamlMultifileConfigLoader : Loading mode attract from C:\Users\Administrator\AppData\Local\Programs\Python\Python310\lib\site-packages\mpf\modes\attract\config\attract.yaml
2024-09-08 22:49:13,876 : INFO : ConfigProcessor : Loading config from cache: C:\Users\ADMINI~1\AppData\Local\Temp\baa68abd602a2a90f66edd8e37c874c7.mpf_cache
2024-09-08 22:49:13,897 : INFO : Machine : Mission Pinball Framework Core Engine v0.80.0.dev4
2024-09-08 22:49:13,897 : INFO : Machine : Command line arguments: {'no_load_cache': False, 'create_config_cache': True, 'bcp': True, 'configfile': ['config.yaml'], 'force_assets_load': False, 'platform_integration_test': False, 'jsonlogging': False, 'logfile': 'logs\\2024-09-08-22-49-10-mpf-WIN-0MLVBKI9D6P.log', 'pause': False, 'production': False, 'text_ui': True, 'loglevel': 10, 'consoleloglevel': 10, 'force_platform': None, 'syslog_address': None, 'mc_file_name': None, 'no_sound': False, 'full_logfile_path': 'C:\\Users\\Administrator\\Documents\\fast_homebrew_godot\\logs\\2024-09-08-22-49-10-mpf-WIN-0MLVBKI9D6P.log'}
2024-09-08 22:49:13,898 : INFO : Machine : MPF path: C:\Users\Administrator\AppData\Local\Programs\Python\Python310\lib\site-packages\mpf
2024-09-08 22:49:13,898 : INFO : Machine : Machine path: C:\Users\Administrator\Documents\fast_homebrew_godot
2024-09-08 22:49:13,898 : INFO : Machine : Platform: win32
2024-09-08 22:49:13,898 : INFO : Machine : Python executable location: C:\Users\Administrator\AppData\Local\Programs\Python\Python310\python.exe
2024-09-08 22:49:13,898 : INFO : Machine : Python version: 3.10.11 (64-bit)
2024-09-08 22:49:13,944 : DEBUG : asyncio : Using proactor: IocpProactor
2024-09-08 22:49:13,947 : INFO : Machine : Initializing MPF...
2024-09-08 22:49:16,799 : DEBUG : asciimatics.widgets.layout : Updating: None
2024-09-08 22:49:16,800 : DEBUG : asciimatics.widgets.layout : Updating: None
2024-09-08 22:49:16,801 : DEBUG : asciimatics.widgets.layout : Updating: None
2024-09-08 22:49:16,801 : DEBUG : asciimatics.widgets.layout : Updating: None
2024-09-08 22:49:16,801 : DEBUG : asciimatics.widgets.layout : Updating: None
2024-09-08 22:49:16,801 : DEBUG : asciimatics.widgets.layout : Updating: None
2024-09-08 22:49:16,802 : DEBUG : asciimatics.widgets.layout : Updating: None
2024-09-08 22:49:16,802 : DEBUG : asciimatics.widgets.layout : Updating: None
2024-09-08 22:49:16,802 : DEBUG : asciimatics.widgets.layout : Updating: None
2024-09-08 22:49:16,803 : DEBUG : asciimatics.widgets.layout : Updating: None
2024-09-08 22:49:16,803 : DEBUG : asciimatics.widgets.layout : Updating: None
2024-09-08 22:49:16,803 : DEBUG : asciimatics.widgets.layout : Updating: None
2024-09-08 22:49:16,803 : DEBUG : asciimatics.widgets.widget : Widget blur: <asciimatics.widgets.label.Label object at 0x000001E78A9FD490>
2024-09-08 22:49:16,836 : DEBUG : asciimatics.widgets.widget : Widget blur: <asciimatics.widgets.label.Label object at 0x000001E78A58B6B0>
2024-09-08 22:49:16,836 : DEBUG : asciimatics.widgets.widget : Widget blur: <asciimatics.widgets.label.Label object at 0x000001E78A58B5E0>
2024-09-08 22:49:16,836 : DEBUG : asciimatics.widgets.layout : Blur: <asciimatics.widgets.layout.Layout object at 0x000001E78ACF2B00>
2024-09-08 22:49:16,837 : DEBUG : asciimatics.widgets.layout : Blur: <mpf.core.text_ui.MpfLayout object at 0x000001E78ACFCF20>
2024-09-08 22:49:16,852 : DEBUG : asciimatics.widgets.layout : Updating: None
2024-09-08 22:49:16,853 : DEBUG : asciimatics.widgets.layout : Updating: None
2024-09-08 22:49:16,853 : DEBUG : asciimatics.widgets.layout : Updating: None
2024-09-08 22:49:16,854 : DEBUG : asciimatics.widgets.layout : Updating: None
2024-09-08 22:49:16,854 : DEBUG : asciimatics.widgets.layout : Updating: None
2024-09-08 22:49:16,854 : DEBUG : asciimatics.widgets.layout : Updating: None
2024-09-08 22:49:16,854 : DEBUG : asciimatics.widgets.widget : Widget blur: <asciimatics.widgets.label.Label object at 0x000001E78AC49A40>
2024-09-08 22:49:16,855 : DEBUG : asciimatics.widgets.widget : Widget blur: <asciimatics.widgets.label.Label object at 0x000001E78AC49970>
2024-09-08 22:49:16,855 : DEBUG : asciimatics.widgets.widget : Widget blur: <asciimatics.widgets.label.Label object at 0x000001E78AC49B10>
2024-09-08 22:49:16,855 : DEBUG : asciimatics.widgets.widget : Widget blur: <asciimatics.widgets.label.Label object at 0x000001E78AC498A0>
2024-09-08 22:49:16,856 : DEBUG : asciimatics.widgets.widget : Widget blur: <asciimatics.widgets.label.Label object at 0x000001E78AC49630>
2024-09-08 22:49:16,856 : DEBUG : asciimatics.widgets.widget : Widget blur: <asciimatics.widgets.label.Label object at 0x000001E78AC497D0>
2024-09-08 22:49:16,856 : DEBUG : asciimatics.widgets.layout : Blur: <asciimatics.widgets.layout.Layout object at 0x000001E78ACF2BC0>
2024-09-08 22:49:16,857 : DEBUG : asciimatics.widgets.layout : Focus: <asciimatics.widgets.layout.Layout object at 0x000001E78ACF2B00>
2024-09-08 22:49:16,886 : DEBUG : asciimatics.widgets.layout : Focus: <mpf.core.text_ui.MpfLayout object at 0x000001E78ACFCF20>
2024-09-08 22:49:16,886 : DEBUG : asciimatics.widgets.layout : Focus: <asciimatics.widgets.layout.Layout object at 0x000001E78ACF2BC0>
2024-09-08 22:49:16,887 : DEBUG : asciimatics.widgets.frame : Cloning: Test
2024-09-08 22:49:16,887 : DEBUG : asciimatics.widgets.layout : Updating: None
2024-09-08 22:49:16,887 : DEBUG : asciimatics.widgets.layout : Updating: None
2024-09-08 22:49:16,887 : DEBUG : asciimatics.widgets.layout : Updating: None
2024-09-08 22:49:16,887 : DEBUG : asciimatics.widgets.layout : Updating: None
2024-09-08 22:49:16,887 : DEBUG : asciimatics.widgets.layout : Updating: None
2024-09-08 22:49:16,888 : DEBUG : asciimatics.widgets.layout : Updating: None
2024-09-08 22:49:16,888 : DEBUG : asciimatics.widgets.layout : Updating: None
2024-09-08 22:49:16,888 : DEBUG : asciimatics.widgets.layout : Updating: None
2024-09-08 22:49:16,889 : DEBUG : asciimatics.widgets.layout : Updating: None
2024-09-08 22:49:16,901 : DEBUG : asciimatics.widgets.layout : Updating: None
2024-09-08 22:49:16,902 : DEBUG : asciimatics.widgets.layout : Updating: None
2024-09-08 22:49:16,902 : DEBUG : asciimatics.widgets.layout : Updating: None
2024-09-08 22:49:16,902 : DEBUG : asciimatics.widgets.layout : Updating: None
2024-09-08 22:49:16,902 : DEBUG : asciimatics.widgets.layout : Updating: None
2024-09-08 22:49:16,902 : DEBUG : asciimatics.widgets.layout : Updating: None
2024-09-08 22:49:16,902 : DEBUG : asciimatics.widgets.layout : Updating: None
2024-09-08 22:49:16,902 : DEBUG : asciimatics.widgets.layout : Updating: None
2024-09-08 22:49:16,903 : DEBUG : asciimatics.widgets.layout : Updating: None
2024-09-08 22:49:17,015 : DEBUG : asciimatics.screen : Processing key: d
2024-09-08 22:49:17,111 : DEBUG : asciimatics.screen : Processing key: d
2024-09-08 22:49:17,111 : DEBUG : asciimatics.widgets.frame : New event: KeyboardEvent: 13
2024-09-08 22:49:17,112 : DEBUG : asciimatics.screen : Processing key: d
2024-09-08 22:49:18,284 : INFO : FAST : Auto-detecting ports for the following connections: ['net']
2024-09-08 22:49:18,584 : DEBUG : FAST : Port COM3 is connected to a FAST Neuron Controller.
2024-09-08 22:49:18,584 : DEBUG : FAST : Port COM4 is connected to a FAST Neuron Controller.
2024-09-08 22:49:18,585 : DEBUG : FAST : Port COM5 is connected to a FAST Neuron Controller.
2024-09-08 22:49:19,086 : INFO : FAST : Detected NET on port COM5
2024-09-08 22:49:19,195 : INFO : FAST [NET] : Trying to connect to COM5 at 921600bps
2024-09-08 22:49:19,200 : INFO : FAST [NET] : Connected to COM5 at 921600bps
2024-09-08 22:49:19,203 : INFO : FAST [NET] : Connected to FP-CPU-2000 with firmware v02.13
2024-09-08 22:49:19,211 : INFO : FAST [NET] : Registered I/O Board 0: Model: FP-I/O-0804, Firmware: 01.10, Switches: 8, Drivers: 4
2024-09-08 22:49:19,228 : INFO : FAST [NET] : Registered I/O Board 1: Model: FP-I/O-3208, Firmware: 01.10, Switches: 32, Drivers: 8
2024-09-08 22:49:19,242 : INFO : FAST [NET] : Registered I/O Board 2: Model: FP-I/O-1616, Firmware: 01.10, Switches: 16, Drivers: 16
2024-09-08 22:49:19,242 : INFO : EventManager : Event: ======'machine_var_credits_string'====== Args={'value': 'FREE PLAY', 'prev_value': None, 'change': True}
2024-09-08 22:49:19,878 : DEBUG : YAML File Interface : Loading file: C:\Users\Administrator\Documents\fast_homebrew_godot\data/machine_vars.yaml
2024-09-08 22:49:19,881 : INFO : EventManager : Event: ======'machine_var_master_volume'====== Args={'value': 0.5, 'prev_value': None, 'change': True}
2024-09-08 22:49:19,882 : INFO : EventManager : Event: ======'machine_var_mpf_version'====== Args={'value': 'Mission Pinball Framework v0.80.0.dev4', 'prev_value': None, 'change': True}
2024-09-08 22:49:19,911 : INFO : EventManager : Event: ======'machine_var_mpf_extended_version'====== Args={'value': 'Mission Pinball Framework v0.80.0.dev4, Config version:6, Show version: 6, BCP version:1.1', 'prev_value': None, 'change': True}
2024-09-08 22:49:19,911 : INFO : EventManager : Event: ======'machine_var_python_version'====== Args={'value': '3.10.11', 'prev_value': None, 'change': True}
2024-09-08 22:49:20,722 : INFO : EventManager : Event: ======'machine_var_platform'====== Args={'value': 'Windows-10-10.0.22631-SP0', 'prev_value': None, 'change': True}
2024-09-08 22:49:20,723 : INFO : EventManager : Event: ======'machine_var_platform_system'====== Args={'value': 'Windows', 'prev_value': None, 'change': True}
2024-09-08 22:49:20,723 : INFO : EventManager : Event: ======'machine_var_platform_release'====== Args={'value': '10', 'prev_value': None, 'change': True}
2024-09-08 22:49:20,723 : INFO : EventManager : Event: ======'machine_var_platform_version'====== Args={'value': '10.0.22631', 'prev_value': None, 'change': True}
2024-09-08 22:49:20,723 : INFO : EventManager : Event: ======'machine_var_platform_machine'====== Args={'value': 'AMD64', 'prev_value': None, 'change': True}
2024-09-08 22:49:20,723 : INFO : EventManager : Event: ======'machine_var_log_file_path'====== Args={'value': 'C:\\Users\\Administrator\\Documents\\fast_homebrew_godot\\logs\\2024-09-08-22-49-10-mpf-WIN-0MLVBKI9D6P.log', 'prev_value': None, 'change': True}
2024-09-08 22:49:20,723 : INFO : EventManager : Event: ======'init_phase_1'====== Args={}
2024-09-08 22:49:20,962 : DEBUG : ModeController : Loaded mode attract
2024-09-08 22:49:20,962 : DEBUG : ModeController : Loaded mode base
2024-09-08 22:49:20,967 : DEBUG : ModeController : Loaded mode game
2024-09-08 22:49:20,972 : DEBUG : stepper.right_flipper_stepper : Configuring device with settings: '{'number': '00414729', 'homing_mode': 'switch', 'homing_switch': <switch.s_right_home>, 'homing_direction': 'counterclockwise', 'reset_position': -10, 'reset_events': {'ball_starting': 0, 'ball_will_end': 0, 'mode_attrct_started': 0}, 'debug': True, 'pos_min': -10, 'pos_max': 100, 'named_positions': {50.0: 'right_full', -11.0: 'right_rest', -10.0: 'right_home'}, 'platform_settings': {'step_mode': 1, 'current_limit': 2500}, 'label': '%', 'tags': [], 'console_log': 'full', 'file_log': 'full', 'home_events': {}, 'ball_search_min': 0, 'ball_search_max': 1, 'ball_search_wait': 5000, 'include_in_ball_search': True, 'relative_positions': {}, 'platform': None}'
2024-09-08 22:49:20,972 : DEBUG : stepper.right_flipper_stepper : Configuring device with settings: '{'number': '00414729', 'homing_mode': 'switch', 'homing_switch': <switch.s_right_home>, 'homing_direction': 'counterclockwise', 'reset_position': -10, 'reset_events': {'ball_starting': 0, 'ball_will_end': 0, 'mode_attrct_started': 0}, 'debug': True, 'pos_min': -10, 'pos_max': 100, 'named_positions': {50.0: 'right_full', -11.0: 'right_rest', -10.0: 'right_home'}, 'platform_settings': {'step_mode': 1, 'current_limit': 2500, 'max_speed': 2000000, 'starting_speed': 0, 'max_acceleration': 40000, 'max_deceleration': 40000, 'poll_ms': 100}, 'label': '%', 'tags': [], 'console_log': 'full', 'file_log': 'full', 'home_events': {}, 'ball_search_min': 0, 'ball_search_max': 1, 'ball_search_wait': 5000, 'include_in_ball_search': True, 'relative_positions': {}, 'platform': None}'
2024-09-08 22:49:20,976 : DEBUG : TIC Stepper : Configuring Stepper Parameters.
2024-09-08 22:49:20,976 : DEBUG : asyncio : Using proactor: IocpProactor
2024-09-08 22:49:21,007 : DEBUG : TIC Stepper : Looking for TIC Device with serial number 00414729.
2024-09-08 22:49:21,679 : DEBUG : TIC Stepper : get_status() received cmd_return: b'Name:                         Tic 36v4 High-Power Stepper Motor Controller\r\nSerial number:                00414729\r\nFirmware version:             1.08\r\nLast reset:                   Power-on reset\r\nUp time:                      9:48:57\r\n\r\nEncoder position:             0\r\nRC pulse width:               N/A\r\nInput state:                  Position\r\nInput after averaging:        N/A\r\nInput after hysteresis:       N/A\r\nInput before scaling:         N/A\r\nInput after scaling:          -10\r\nForward limit active:         No\r\nReverse limit active:         No\r\n\r\nVIN voltage:                  46.396 V\r\nOperation state:              De-energized\r\nEnergized:                    No\r\nHoming active:                No\r\n\r\nTarget:                       No target\r\nCurrent position:             -10\r\nPosition uncertain:           Yes\r\nCurrent velocity:             0\r\nMax speed:                    8000000\r\nStarting speed:               0\r\nMax acceleration:             8000000\r\nMax deceleration:             8000000\r\nActing target position:       -10\r\nTime since last step:         29370000\r\nStep mode:                    Full step\r\nCurrent limit:                2650 mA\r\n\r\nErrors currently stopping the motor:\r\n  - Intentionally de-energized\r\n  - Command timeout\r\n  - Safe start violation\r\nErrors that occurred since last check:\r\n  - Command timeout\r\n  - Safe start violation\r\nLast motor driver errors: None\r\n\r\nSCL pin:\r\n  State:                      Output low\r\n  Analog reading:             N/A\r\n  Digital reading:            1\r\nSDA pin:\r\n  State:                      Output low\r\n  Analog reading:             N/A\r\n  Digital reading:            1\r\nTX pin:\r\n  State:                      Output high\r\n  Analog reading:             N/A\r\n  Digital reading:            1\r\nRX pin:\r\n  State:                      Pulled up\r\n  Analog reading:             N/A\r\n  Digital reading:            1\r\nRC pin:\r\n  Digital reading:            0\r\n\r\n'
2024-09-08 22:49:21,715 : DEBUG : TIC Stepper : TIC Status: 
2024-09-08 22:49:21,715 : DEBUG : TIC Stepper : {'Name': 'Tic 36v4 High-Power Stepper Motor Controller', 'Serial number': 414729, 'Firmware version': 1.08, 'Last reset': 'Power-on reset', 'Up time': '9:48:57', 'Encoder position': 0, 'RC pulse width': 'N/A', 'Input state': 'Position', 'Input after averaging': 'N/A', 'Input after hysteresis': 'N/A', 'Input before scaling': 'N/A', 'Input after scaling': -10, 'Forward limit active': 'No', 'Reverse limit active': 'No', 'VIN voltage': '46.396 V', 'Operation state': 'De-energized', 'Energized': 'No', 'Homing active': 'No', 'Target': 'No target', 'Current position': -10, 'Position uncertain': 'Yes', 'Current velocity': 0, 'Max speed': 8000000, 'Starting speed': 0, 'Max acceleration': 8000000, 'Max deceleration': 8000000, 'Acting target position': -10, 'Time since last step': 29370000, 'Step mode': 'Full step', 'Current limit': '2650 mA', 'Errors currently stopping the motor': ['Intentionally de-energized', 'Command timeout', 'Safe start violation'], 'Errors that occurred since last check': ['Command timeout', 'Safe start violation'], 'Last motor driver errors': 'None', 'SCL pin': {'State': 'Output low', 'Analog reading': 'N/A', 'Digital reading': 1}, 'SDA pin': {'State': 'Output low', 'Analog reading': 'N/A', 'Digital reading': 1}, 'TX pin': {'State': 'Output high', 'Analog reading': 'N/A', 'Digital reading': 1}, 'RX pin': {'State': 'Pulled up', 'Analog reading': 'N/A', 'Digital reading': 1}, 'RC pin': {'Digital reading': 0}}
2024-09-08 22:49:26,983 : WARNING : Machine : Iterating device collections directly is deprecated and will be removed. Access by value(): device_collections[switches] -> device_collections['switches'].values()
2024-09-08 22:49:27,038 : INFO : EventManager : Event: ======'init_phase_2'====== Args={}
2024-09-08 22:49:27,085 : INFO : EventManager : Event: ======'bcp_connection_attempt'====== Args={'name': 'local_display', 'host': 'localhost', 'port': 5050}
2024-09-08 22:49:27,090 : DEBUG : asciimatics.widgets.layout : Updating: message
2024-09-08 22:49:27,120 : DEBUG : asciimatics.widgets.layout : Updating: message
2024-09-08 22:49:27,120 : DEBUG : asciimatics.widgets.widget : Widget blur: <asciimatics.widgets.textbox.TextBox object at 0x000001E78A7D39A0>
2024-09-08 22:49:27,120 : DEBUG : asciimatics.widgets.layout : Blur: <asciimatics.widgets.layout.Layout object at 0x000001E78B6638E0>
2024-09-08 22:49:27,120 : DEBUG : asciimatics.widgets.layout : Blur: <asciimatics.widgets.layout.Layout object at 0x000001E78B663A00>
2024-09-08 22:49:27,121 : DEBUG : asciimatics.widgets.layout : Focus: <asciimatics.widgets.layout.Layout object at 0x000001E78B6638E0>
2024-09-08 22:49:27,121 : DEBUG : asciimatics.widgets.layout : Focus: <asciimatics.widgets.layout.Layout object at 0x000001E78B663A00>
2024-09-08 22:49:27,121 : INFO : BCPClientSocket : Connecting BCP to 'local_display' at localhost:5050...
2024-09-08 22:49:28,894 : INFO : BCPClientSocket : Connected BCP to 'local_display' localhost:5050
2024-09-08 22:49:28,895 : INFO : EventManager : Event: ======'bcp_clients_connected'====== Args={}
2024-09-08 22:49:28,898 : DEBUG : asciimatics.widgets.layout : Updating: None
2024-09-08 22:49:28,898 : DEBUG : asciimatics.widgets.layout : Updating: None
2024-09-08 22:49:28,898 : DEBUG : asciimatics.widgets.layout : Updating: None
2024-09-08 22:49:28,898 : DEBUG : asciimatics.widgets.layout : Updating: None
2024-09-08 22:49:28,898 : DEBUG : asciimatics.widgets.layout : Updating: None
2024-09-08 22:49:28,898 : DEBUG : asciimatics.widgets.layout : Updating: None
2024-09-08 22:49:28,996 : DEBUG : asciimatics.widgets.layout : Updating: None
2024-09-08 22:49:28,997 : DEBUG : asciimatics.widgets.layout : Updating: None
2024-09-08 22:49:28,997 : DEBUG : asciimatics.widgets.layout : Updating: None
2024-09-08 22:49:28,998 : DEBUG : asciimatics.widgets.layout : Updating: None
2024-09-08 22:49:29,010 : DEBUG : asciimatics.widgets.layout : Updating: None
2024-09-08 22:49:29,010 : DEBUG : asciimatics.widgets.layout : Updating: None
2024-09-08 22:49:29,010 : DEBUG : asciimatics.widgets.widget : Widget blur: <asciimatics.widgets.label.Label object at 0x000001E78B658930>
2024-09-08 22:49:29,010 : DEBUG : asciimatics.widgets.widget : Widget blur: <asciimatics.widgets.label.Label object at 0x000001E78B658A00>
2024-09-08 22:49:29,010 : DEBUG : asciimatics.widgets.widget : Widget blur: <asciimatics.widgets.label.Label object at 0x000001E78B6582B0>
2024-09-08 22:49:29,011 : DEBUG : asciimatics.widgets.layout : Blur: <asciimatics.widgets.layout.Layout object at 0x000001E78B6AE0E0>
2024-09-08 22:49:29,011 : DEBUG : asciimatics.widgets.layout : Blur: <mpf.core.text_ui.MpfLayout object at 0x000001E78B619850>
2024-09-08 22:49:29,011 : DEBUG : asciimatics.widgets.layout : Updating: None
2024-09-08 22:49:29,011 : DEBUG : asciimatics.widgets.layout : Updating: None
2024-09-08 22:49:29,011 : DEBUG : asciimatics.widgets.layout : Updating: None
2024-09-08 22:49:29,011 : DEBUG : asciimatics.widgets.layout : Updating: None
2024-09-08 22:49:29,011 : DEBUG : asciimatics.widgets.layout : Updating: None
2024-09-08 22:49:29,011 : DEBUG : asciimatics.widgets.layout : Updating: None
2024-09-08 22:49:29,012 : DEBUG : asciimatics.widgets.widget : Widget blur: <asciimatics.widgets.label.Label object at 0x000001E78B6592F0>
2024-09-08 22:49:29,012 : DEBUG : asciimatics.widgets.widget : Widget blur: <asciimatics.widgets.label.Label object at 0x000001E78B659220>
2024-09-08 22:49:29,012 : DEBUG : asciimatics.widgets.widget : Widget blur: <asciimatics.widgets.label.Label object at 0x000001E78B6593C0>
2024-09-08 22:49:29,012 : DEBUG : asciimatics.widgets.widget : Widget blur: <asciimatics.widgets.label.Label object at 0x000001E78B659150>
2024-09-08 22:49:29,012 : DEBUG : asciimatics.widgets.widget : Widget blur: <asciimatics.widgets.label.Label object at 0x000001E78B658FB0>
2024-09-08 22:49:29,012 : DEBUG : asciimatics.widgets.widget : Widget blur: <asciimatics.widgets.label.Label object at 0x000001E78B658EE0>
2024-09-08 22:49:29,012 : DEBUG : asciimatics.widgets.layout : Blur: <asciimatics.widgets.layout.Layout object at 0x000001E78B6AE1A0>
2024-09-08 22:49:29,012 : DEBUG : asciimatics.widgets.layout : Focus: <asciimatics.widgets.layout.Layout object at 0x000001E78B6AE0E0>
2024-09-08 22:49:29,013 : DEBUG : asciimatics.widgets.layout : Focus: <mpf.core.text_ui.MpfLayout object at 0x000001E78B619850>
2024-09-08 22:49:29,013 : DEBUG : asciimatics.widgets.layout : Focus: <asciimatics.widgets.layout.Layout object at 0x000001E78B6AE1A0>
2024-09-08 22:49:29,013 : DEBUG : asciimatics.widgets.frame : Cloning: Test
2024-09-08 22:49:29,013 : DEBUG : asciimatics.widgets.layout : Updating: None
2024-09-08 22:49:29,013 : DEBUG : asciimatics.widgets.layout : Updating: None
2024-09-08 22:49:29,013 : DEBUG : asciimatics.widgets.layout : Updating: None
2024-09-08 22:49:29,013 : DEBUG : asciimatics.widgets.layout : Updating: None
2024-09-08 22:49:29,013 : DEBUG : asciimatics.widgets.layout : Updating: None
2024-09-08 22:49:29,014 : DEBUG : asciimatics.widgets.layout : Updating: None
2024-09-08 22:49:29,014 : DEBUG : asciimatics.widgets.layout : Updating: None
2024-09-08 22:49:29,014 : DEBUG : asciimatics.widgets.layout : Updating: None
2024-09-08 22:49:29,014 : DEBUG : asciimatics.widgets.layout : Updating: None
2024-09-08 22:49:29,014 : DEBUG : asciimatics.widgets.layout : Updating: None
2024-09-08 22:49:29,014 : DEBUG : asciimatics.widgets.layout : Updating: None
2024-09-08 22:49:29,015 : DEBUG : asciimatics.widgets.layout : Updating: None
2024-09-08 22:49:29,015 : DEBUG : asciimatics.widgets.layout : Updating: None
2024-09-08 22:49:29,015 : DEBUG : asciimatics.widgets.layout : Updating: None
2024-09-08 22:49:29,044 : DEBUG : asciimatics.widgets.layout : Updating: None
2024-09-08 22:49:29,045 : DEBUG : asciimatics.widgets.layout : Updating: None
2024-09-08 22:49:29,045 : DEBUG : asciimatics.widgets.layout : Updating: None
2024-09-08 22:49:29,045 : DEBUG : asciimatics.widgets.layout : Updating: None
2024-09-08 22:49:30,995 : INFO : ball_device.bd_plunger : BCH: Initial count: 0
2024-09-08 22:49:30,995 : DEBUG : TIC Stepper : get_status() received cmd_return: b'Name:                         Tic 36v4 High-Power Stepper Motor Controller\r\nSerial number:                00414729\r\nFirmware version:             1.08\r\nLast reset:                   Power-on reset\r\nUp time:                      9:49:03\r\n\r\nEncoder position:             0\r\nRC pulse width:               N/A\r\nInput state:                  Position\r\nInput after averaging:        N/A\r\nInput after hysteresis:       N/A\r\nInput before scaling:         N/A\r\nInput after scaling:          -10\r\nForward limit active:         No\r\nReverse limit active:         No\r\n\r\nVIN voltage:                  46.593 V\r\nOperation state:              Soft error\r\nEnergized:                    No\r\nHoming active:                No\r\n\r\nTarget:                       No target\r\nCurrent position:             -10\r\nPosition uncertain:           Yes\r\nCurrent velocity:             0\r\nMax speed:                    2000000\r\nStarting speed:               0\r\nMax acceleration:             40000\r\nMax deceleration:             40000\r\nActing target position:       0\r\nTime since last step:         7650000\r\nStep mode:                    Full step\r\nCurrent limit:                2435 mA\r\n\r\nErrors currently stopping the motor:\r\n  - Safe start violation\r\nErrors that occurred since last check:\r\n  - Command timeout\r\n  - Safe start violation\r\nLast motor driver errors: None\r\n\r\nSCL pin:\r\n  State:                      Output low\r\n  Analog reading:             N/A\r\n  Digital reading:            1\r\nSDA pin:\r\n  State:                      Output low\r\n  Analog reading:             N/A\r\n  Digital reading:            1\r\nTX pin:\r\n  State:                      Output high\r\n  Analog reading:             N/A\r\n  Digital reading:            1\r\nRX pin:\r\n  State:                      Pulled up\r\n  Analog reading:             N/A\r\n  Digital reading:            1\r\nRC pin:\r\n  Digital reading:            0\r\n\r\n'
2024-09-08 22:49:31,964 : INFO : ball_device.bd_plunger : State: idle
2024-09-08 22:49:31,972 : DEBUG : YAML File Interface : Loading file: C:\Users\Administrator\Documents\fast_homebrew_godot\data/audits.yaml
2024-09-08 22:49:31,981 : DEBUG : Machine : "info_lights:" section not found in machine configuration, so the InfoLights will not be used.
2024-09-08 22:49:32,111 : DEBUG : Machine : "switch_player:" section not found in machine configuration, so the SwitchPlayer will not be used.
2024-09-08 22:49:32,161 : DEBUG : Machine : "twitch_client:" section not found in machine configuration, so the TwitchBot will not be used.
2024-09-08 22:49:32,161 : DEBUG : Machine : "virtual_segment_display_connector:" section not found in machine configuration, so the VirtualSegmentDisplayConnector will not be used.
2024-09-08 22:49:32,162 : INFO : EventManager : Event: ======'init_phase_3'====== Args={}
2024-09-08 22:49:32,164 : DEBUG : ShowController : Loading show: flash
2024-09-08 22:49:32,195 : DEBUG : ShowController : Loading show: on
2024-09-08 22:49:32,195 : DEBUG : ShowController : Loading show: off
2024-09-08 22:49:32,196 : DEBUG : ShowController : Loading show: led_color
2024-09-08 22:49:32,196 : DEBUG : ShowController : Loading show: bl_color
2024-09-08 22:49:32,197 : DEBUG : ShowController : Loading show: flash_color
2024-09-08 22:49:32,212 : INFO : stepper.right_flipper_stepper : Initializing stepper and homing.
2024-09-08 22:49:32,213 : INFO : stepper.right_flipper_stepper : Homing stepper using switch homing with switch <switch.s_right_home>.
2024-09-08 22:49:32,214 : DEBUG : TIC Stepper : Rotating By Velocity (velocity * max_speed): -2000000
2024-09-08 22:49:32,214 : INFO : EventManager : Event: ======'init_phase_4'====== Args={}
2024-09-08 22:49:32,262 : INFO : BallController : Initial balls found: 0
2024-09-08 22:49:32,362 : INFO : EventManager : Event: ======'machine_var_audits_events_game_ended'====== Args={'value': 0, 'prev_value': None, 'change': True}
2024-09-08 22:49:32,363 : INFO : EventManager : Event: ======'machine_var_audits_events_game_started'====== Args={'value': 389, 'prev_value': None, 'change': True}
2024-09-08 22:49:32,363 : INFO : EventManager : Event: ======'machine_var_audits_missing_switches_s_launch'====== Args={'value': 6, 'prev_value': None, 'change': True}
2024-09-08 22:49:32,364 : INFO : EventManager : Event: ======'machine_var_audits_missing_switches_s_left_flipper'====== Args={'value': 363, 'prev_value': None, 'change': True}
2024-09-08 22:49:32,364 : INFO : EventManager : Event: ======'machine_var_audits_missing_switches_s_left_flipper_eos'====== Args={'value': 363, 'prev_value': None, 'change': True}
2024-09-08 22:49:32,365 : INFO : EventManager : Event: ======'machine_var_audits_missing_switches_s_left_inlane'====== Args={'value': 6, 'prev_value': None, 'change': True}
2024-09-08 22:49:32,395 : INFO : EventManager : Event: ======'machine_var_audits_missing_switches_s_left_inner_lane'====== Args={'value': 357, 'prev_value': None, 'change': True}
2024-09-08 22:49:32,396 : INFO : EventManager : Event: ======'machine_var_audits_missing_switches_s_left_outer_lane'====== Args={'value': 153, 'prev_value': None, 'change': True}
2024-09-08 22:49:32,396 : INFO : EventManager : Event: ======'machine_var_audits_missing_switches_s_left_outlane'====== Args={'value': 6, 'prev_value': None, 'change': True}
2024-09-08 22:49:32,396 : INFO : EventManager : Event: ======'machine_var_audits_missing_switches_s_left_sling'====== Args={'value': 363, 'prev_value': None, 'change': True}
2024-09-08 22:49:32,396 : INFO : EventManager : Event: ======'machine_var_audits_missing_switches_s_mead'====== Args={'value': 267, 'prev_value': None, 'change': True}
2024-09-08 22:49:32,410 : INFO : EventManager : Event: ======'machine_var_audits_missing_switches_s_percy'====== Args={'value': 85, 'prev_value': None, 'change': True}
2024-09-08 22:49:32,410 : INFO : EventManager : Event: ======'machine_var_audits_missing_switches_s_plunger'====== Args={'value': 363, 'prev_value': None, 'change': True}
2024-09-08 22:49:32,411 : INFO : EventManager : Event: ======'machine_var_audits_missing_switches_s_pop_bumper_1'====== Args={'value': 357, 'prev_value': None, 'change': True}
2024-09-08 22:49:32,411 : INFO : EventManager : Event: ======'machine_var_audits_missing_switches_s_pop_bumper_2'====== Args={'value': 357, 'prev_value': None, 'change': True}
2024-09-08 22:49:32,411 : INFO : EventManager : Event: ======'machine_var_audits_missing_switches_s_pop_bumper_3'====== Args={'value': 357, 'prev_value': None, 'change': True}
2024-09-08 22:49:32,412 : INFO : EventManager : Event: ======'machine_var_audits_missing_switches_s_right_flipper'====== Args={'value': 363, 'prev_value': None, 'change': True}
2024-09-08 22:49:32,413 : INFO : EventManager : Event: ======'machine_var_audits_missing_switches_s_right_flipper_eos'====== Args={'value': 363, 'prev_value': None, 'change': True}
2024-09-08 22:49:32,414 : INFO : EventManager : Event: ======'machine_var_audits_missing_switches_s_right_inlane'====== Args={'value': 6, 'prev_value': None, 'change': True}
2024-09-08 22:49:32,414 : INFO : EventManager : Event: ======'machine_var_audits_missing_switches_s_right_inner_lane'====== Args={'value': 357, 'prev_value': None, 'change': True}
2024-09-08 22:49:32,415 : INFO : EventManager : Event: ======'machine_var_audits_missing_switches_s_right_outer_lane'====== Args={'value': 357, 'prev_value': None, 'change': True}
2024-09-08 22:49:32,415 : INFO : EventManager : Event: ======'machine_var_audits_missing_switches_s_right_outlane'====== Args={'value': 6, 'prev_value': None, 'change': True}
2024-09-08 22:49:32,416 : INFO : EventManager : Event: ======'machine_var_audits_missing_switches_s_right_sling'====== Args={'value': 363, 'prev_value': None, 'change': True}
2024-09-08 22:49:32,416 : INFO : EventManager : Event: ======'machine_var_audits_missing_switches_s_scanlan'====== Args={'value': 204, 'prev_value': None, 'change': True}
2024-09-08 22:49:32,417 : INFO : EventManager : Event: ======'machine_var_audits_missing_switches_s_start'====== Args={'value': 6, 'prev_value': None, 'change': True}
2024-09-08 22:49:32,417 : INFO : EventManager : Event: ======'machine_var_audits_missing_switches_s_trough_ball_1'====== Args={'value': 363, 'prev_value': None, 'change': True}
2024-09-08 22:49:32,446 : INFO : EventManager : Event: ======'machine_var_audits_missing_switches_s_trough_ball_2'====== Args={'value': 363, 'prev_value': None, 'change': True}
2024-09-08 22:49:32,446 : INFO : EventManager : Event: ======'machine_var_audits_missing_switches_s_trough_ball_3'====== Args={'value': 363, 'prev_value': None, 'change': True}
2024-09-08 22:49:32,446 : INFO : EventManager : Event: ======'machine_var_audits_missing_switches_s_trough_ball_4'====== Args={'value': 278, 'prev_value': None, 'change': True}
2024-09-08 22:49:32,447 : INFO : EventManager : Event: ======'machine_var_audits_missing_switches_s_trough_ball_5'====== Args={'value': 363, 'prev_value': None, 'change': True}
2024-09-08 22:49:32,447 : INFO : EventManager : Event: ======'machine_var_audits_missing_switches_s_trough_ball_6'====== Args={'value': 95, 'prev_value': None, 'change': True}
2024-09-08 22:49:32,448 : INFO : EventManager : Event: ======'machine_var_audits_missing_switches_s_trough_ball_jam'====== Args={'value': 363, 'prev_value': None, 'change': True}
2024-09-08 22:49:32,448 : INFO : EventManager : Event: ======'machine_var_audits_player_score'====== Args={'value': {'average': 0, 'top': [], 'total': 0}, 'prev_value': None, 'change': True}
2024-09-08 22:49:32,448 : INFO : EventManager : Event: ======'machine_var_audits_shots_mead_shot'====== Args={'value': 223, 'prev_value': None, 'change': True}
2024-09-08 22:49:32,449 : INFO : EventManager : Event: ======'machine_var_audits_shots_percy_shot'====== Args={'value': 56, 'prev_value': None, 'change': True}
2024-09-08 22:49:32,450 : INFO : EventManager : Event: ======'machine_var_audits_shots_scanlan_shot'====== Args={'value': 121, 'prev_value': None, 'change': True}
2024-09-08 22:49:32,465 : INFO : EventManager : Event: ======'machine_var_audits_shots_video_shot_1'====== Args={'value': 24, 'prev_value': None, 'change': True}
2024-09-08 22:49:32,466 : INFO : EventManager : Event: ======'machine_var_audits_shots_video_shot_2'====== Args={'value': 20, 'prev_value': None, 'change': True}
2024-09-08 22:49:32,466 : INFO : EventManager : Event: ======'machine_var_audits_switches_s_auto_launcher'====== Args={'value': 0, 'prev_value': None, 'change': True}
2024-09-08 22:49:32,468 : INFO : EventManager : Event: ======'machine_var_audits_switches_s_ball_drain'====== Args={'value': 0, 'prev_value': None, 'change': True}
2024-09-08 22:49:32,469 : INFO : EventManager : Event: ======'machine_var_audits_switches_s_launch'====== Args={'value': 0, 'prev_value': None, 'change': True}
2024-09-08 22:49:32,470 : INFO : EventManager : Event: ======'machine_var_audits_switches_s_left_flipper'====== Args={'value': 36, 'prev_value': None, 'change': True}
2024-09-08 22:49:32,470 : INFO : EventManager : Event: ======'machine_var_audits_switches_s_left_flipper_eos'====== Args={'value': 0, 'prev_value': None, 'change': True}
2024-09-08 22:49:32,471 : INFO : EventManager : Event: ======'machine_var_audits_switches_s_left_inlane'====== Args={'value': 0, 'prev_value': None, 'change': True}
2024-09-08 22:49:32,507 : INFO : EventManager : Event: ======'machine_var_audits_switches_s_left_inner_lane'====== Args={'value': 0, 'prev_value': None, 'change': True}
2024-09-08 22:49:32,507 : INFO : EventManager : Event: ======'machine_var_audits_switches_s_left_outer_lane'====== Args={'value': 0, 'prev_value': None, 'change': True}
2024-09-08 22:49:32,509 : INFO : EventManager : Event: ======'machine_var_audits_switches_s_left_outlane'====== Args={'value': 0, 'prev_value': None, 'change': True}
2024-09-08 22:49:32,522 : INFO : EventManager : Event: ======'machine_var_audits_switches_s_left_sling'====== Args={'value': 7, 'prev_value': None, 'change': True}
2024-09-08 22:49:32,525 : INFO : EventManager : Event: ======'machine_var_audits_switches_s_mead'====== Args={'value': 0, 'prev_value': None, 'change': True}
2024-09-08 22:49:32,526 : INFO : EventManager : Event: ======'machine_var_audits_switches_s_percy'====== Args={'value': 0, 'prev_value': None, 'change': True}
2024-09-08 22:49:32,558 : INFO : EventManager : Event: ======'machine_var_audits_switches_s_plunger'====== Args={'value': 9, 'prev_value': None, 'change': True}
2024-09-08 22:49:32,558 : INFO : EventManager : Event: ======'machine_var_audits_switches_s_pop_bumper_1'====== Args={'value': 0, 'prev_value': None, 'change': True}
2024-09-08 22:49:32,559 : INFO : EventManager : Event: ======'machine_var_audits_switches_s_pop_bumper_2'====== Args={'value': 0, 'prev_value': None, 'change': True}
2024-09-08 22:49:32,560 : INFO : EventManager : Event: ======'machine_var_audits_switches_s_pop_bumper_3'====== Args={'value': 0, 'prev_value': None, 'change': True}
2024-09-08 22:49:32,573 : INFO : EventManager : Event: ======'machine_var_audits_switches_s_right_flipper'====== Args={'value': 131, 'prev_value': None, 'change': True}
2024-09-08 22:49:32,574 : INFO : EventManager : Event: ======'machine_var_audits_switches_s_right_flipper_eos'====== Args={'value': 0, 'prev_value': None, 'change': True}
2024-09-08 22:49:32,575 : INFO : EventManager : Event: ======'machine_var_audits_switches_s_right_inlane'====== Args={'value': 0, 'prev_value': None, 'change': True}
2024-09-08 22:49:32,576 : INFO : EventManager : Event: ======'machine_var_audits_switches_s_right_inner_lane'====== Args={'value': 0, 'prev_value': None, 'change': True}
2024-09-08 22:49:32,577 : INFO : EventManager : Event: ======'machine_var_audits_switches_s_right_outer_lane'====== Args={'value': 0, 'prev_value': None, 'change': True}
2024-09-08 22:49:32,606 : INFO : EventManager : Event: ======'machine_var_audits_switches_s_right_outlane'====== Args={'value': 0, 'prev_value': None, 'change': True}
2024-09-08 22:49:32,607 : INFO : EventManager : Event: ======'machine_var_audits_switches_s_right_sling'====== Args={'value': 3, 'prev_value': None, 'change': True}
2024-09-08 22:49:32,608 : INFO : EventManager : Event: ======'machine_var_audits_switches_s_scanlan'====== Args={'value': 0, 'prev_value': None, 'change': True}
2024-09-08 22:49:32,608 : INFO : EventManager : Event: ======'machine_var_audits_switches_s_start'====== Args={'value': 38, 'prev_value': None, 'change': True}
2024-09-08 22:49:32,609 : INFO : EventManager : Event: ======'machine_var_audits_switches_s_switch_2'====== Args={'value': 0, 'prev_value': None, 'change': True}
2024-09-08 22:49:32,624 : INFO : EventManager : Event: ======'machine_var_audits_switches_s_trough_ball_1'====== Args={'value': 4, 'prev_value': None, 'change': True}
2024-09-08 22:49:32,625 : INFO : EventManager : Event: ======'machine_var_audits_switches_s_trough_ball_2'====== Args={'value': 4, 'prev_value': None, 'change': True}
2024-09-08 22:49:32,626 : INFO : EventManager : Event: ======'machine_var_audits_switches_s_trough_ball_3'====== Args={'value': 1, 'prev_value': None, 'change': True}
2024-09-08 22:49:32,628 : INFO : EventManager : Event: ======'machine_var_audits_switches_s_trough_ball_4'====== Args={'value': 0, 'prev_value': None, 'change': True}
2024-09-08 22:49:32,657 : INFO : EventManager : Event: ======'machine_var_audits_switches_s_trough_ball_5'====== Args={'value': 0, 'prev_value': None, 'change': True}
2024-09-08 22:49:32,658 : INFO : EventManager : Event: ======'machine_var_audits_switches_s_trough_ball_6'====== Args={'value': 1, 'prev_value': None, 'change': True}
2024-09-08 22:49:32,671 : INFO : EventManager : Event: ======'machine_var_audits_switches_s_trough_ball_jam'====== Args={'value': 3, 'prev_value': None, 'change': True}
2024-09-08 22:49:32,673 : INFO : EventManager : Event: ======'machine_var_audits_switches_s_trough_eject_coil'====== Args={'value': 0, 'prev_value': None, 'change': True}
2024-09-08 22:49:32,674 : INFO : EventManager : Event: ======'machine_var_audits_switches_s_plunger_lane'====== Args={'value': 0, 'prev_value': None, 'change': True}
2024-09-08 22:49:32,675 : INFO : EventManager : Event: ======'machine_var_audits_switches_s_right_home'====== Args={'value': 0, 'prev_value': None, 'change': True}
2024-09-08 22:49:32,721 : INFO : EventManager : Event: ======'init_phase_5'====== Args={}
2024-09-08 22:49:33,267 : INFO : EventManager : Event: ======'init_done'====== Args={}
2024-09-08 22:49:33,701 : INFO : EventManager : Event: ======'machine_reset_phase_1'====== Args={}
2024-09-08 22:49:33,743 : INFO : EventManager : Event: ======'machine_reset_phase_2'====== Args={}
2024-09-08 22:49:33,744 : INFO : EventManager : Event: ======'machine_reset_phase_3'====== Args={}
2024-09-08 22:49:33,745 : INFO : EventManager : Event: ======'reset_complete'====== Args={}
2024-09-08 22:49:33,745 : INFO : EventManager : Event: ======'mode_attract_will_start'====== Args={}
2024-09-08 22:49:33,750 : INFO : EventManager : Event: ======'mode_attract_starting'====== Args={}
2024-09-08 22:49:33,751 : INFO : Mode.attract : Started. Priority: 10
2024-09-08 22:49:33,751 : INFO : EventManager : Event: ======'modes_active_modes_changed'====== Args={}
2024-09-08 22:49:33,751 : INFO : EventManager : Event: ======'mode_attract_started'====== Args={}
2024-09-08 22:49:33,751 : INFO : EventManager : Event: ======'collecting_balls_complete'====== Args={}
2024-09-08 22:49:34,096 : INFO : EventManager : Event: ======'slide_attract_created'====== Args={'_from_bcp': True}
2024-09-08 22:49:34,096 : INFO : EventManager : Event: ======'slide__removed'====== Args={'_from_bcp': True}
2024-09-08 22:49:34,096 : INFO : EventManager : Event: ======'slide_attract_active'====== Args={'original_context': 'attract', 'original_calling_context': 'mode_attract_started', 'priority': 10.0, 'cmd': 'slides_play', '_from_bcp': True}
2024-09-08 22:49:34,097 : INFO : Machine : Starting the main run loop.
2024-09-08 22:49:39,963 : INFO : SwitchController : <<<<<<< 's_right_flipper' active >>>>>>>
2024-09-08 22:49:40,370 : INFO : SwitchController : <<<<<<< 's_right_flipper' inactive >>>>>>>
2024-09-08 22:49:40,371 : INFO : EventManager : Event: ======'s_right_flipper_inactive'====== Args={}
2024-09-08 22:49:40,371 : INFO : EventManager : Event: ======'right_rest'====== Args={'priority': 0}
2024-09-08 22:49:40,371 : INFO : EventManager : Event: ======'right_rest'====== Args={'priority': 0}
2024-09-08 22:49:40,371 : INFO : stepper.right_flipper_stepper : Stepper at 0 moving to absolute position -11.0
2024-09-08 22:49:41,072 : ERROR : asyncio : Exception in callback EventManager.process_event_queue()
handle: <Handle EventManager.process_event_queue()>
Traceback (most recent call last):
  File "C:\Users\Administrator\AppData\Local\Programs\Python\Python310\lib\site-packages\mpf\core\events.py", line 755, in _run_handlers
    result = handler.callback(**merged_kwargs)
  File "C:\Users\Administrator\AppData\Local\Programs\Python\Python310\lib\site-packages\mpf\devices\stepper.py", line 210, in event_move_to_position
    self.move_to_position(position, is_relative)
  File "C:\Users\Administrator\AppData\Local\Programs\Python\Python310\lib\site-packages\mpf\devices\stepper.py", line 219, in move_to_position
    self._move_to_absolute_position(self._target_position)
  File "C:\Users\Administrator\AppData\Local\Programs\Python\Python310\lib\site-packages\mpf\devices\stepper.py", line 141, in _move_to_absolute_position
    raise ValueError("_move_to_absolute_position: position argument beyond limits")
ValueError: _move_to_absolute_position: position argument beyond limits

The above exception was the direct cause of the following exception:

Traceback (most recent call last):
  File "C:\Users\Administrator\AppData\Local\Programs\Python\Python310\lib\asyncio\events.py", line 80, in _run
    self._context.run(self._callback, *self._args)
  File "C:\Users\Administrator\AppData\Local\Programs\Python\Python310\lib\site-packages\mpf\core\events.py", line 846, in process_event_queue
    self._process_event(event=event[0],
  File "C:\Users\Administrator\AppData\Local\Programs\Python\Python310\lib\site-packages\mpf\core\events.py", line 808, in _process_event
    result = self._run_handlers(event, ev_type, kwargs)
  File "C:\Users\Administrator\AppData\Local\Programs\Python\Python310\lib\site-packages\mpf\core\events.py", line 757, in _run_handlers
    raise EventHandlerException(
mpf.core.events.EventHandlerException: Exception while processing RegisteredHandler(callback=<bound method Stepper.event_move_to_position of <stepper.right_flipper_stepper>>, priority=6, kwargs={'position': -11.0}, key=UUID('8de3dd0b-7690-4f59-a62b-145b90ef4ece'), condition=None, blocking_facility=None) for event right_rest. _move_to_absolute_position: position argument beyond limits
2024-09-08 22:49:41,258 : INFO : Machine : Shutting down...
2024-09-08 22:49:41,424 : INFO : EventManager : Event: ======'shutdown'====== Args={}
2024-09-08 22:49:41,465 : DEBUG : TIC Stepper : Commanded To Stop
2024-09-08 22:49:41,671 : DEBUG : FAST [NET] : Stop called on serial connection NET
2024-09-08 22:49:42,042 : ERROR : Machine : Runtime Exception
Traceback (most recent call last):
  File "C:\Users\Administrator\AppData\Local\Programs\Python\Python310\lib\site-packages\mpf\core\events.py", line 755, in _run_handlers
    result = handler.callback(**merged_kwargs)
  File "C:\Users\Administrator\AppData\Local\Programs\Python\Python310\lib\site-packages\mpf\devices\stepper.py", line 210, in event_move_to_position
    self.move_to_position(position, is_relative)
  File "C:\Users\Administrator\AppData\Local\Programs\Python\Python310\lib\site-packages\mpf\devices\stepper.py", line 219, in move_to_position
    self._move_to_absolute_position(self._target_position)
  File "C:\Users\Administrator\AppData\Local\Programs\Python\Python310\lib\site-packages\mpf\devices\stepper.py", line 141, in _move_to_absolute_position
    raise ValueError("_move_to_absolute_position: position argument beyond limits")
ValueError: _move_to_absolute_position: position argument beyond limits

The above exception was the direct cause of the following exception:

Traceback (most recent call last):
  File "C:\Users\Administrator\AppData\Local\Programs\Python\Python310\lib\site-packages\mpf\core\machine.py", line 793, in _run_loop
    raise self._exception['exception']
  File "C:\Users\Administrator\AppData\Local\Programs\Python\Python310\lib\asyncio\events.py", line 80, in _run
    self._context.run(self._callback, *self._args)
  File "C:\Users\Administrator\AppData\Local\Programs\Python\Python310\lib\site-packages\mpf\core\events.py", line 846, in process_event_queue
    self._process_event(event=event[0],
  File "C:\Users\Administrator\AppData\Local\Programs\Python\Python310\lib\site-packages\mpf\core\events.py", line 808, in _process_event
    result = self._run_handlers(event, ev_type, kwargs)
  File "C:\Users\Administrator\AppData\Local\Programs\Python\Python310\lib\site-packages\mpf\core\events.py", line 757, in _run_handlers
    raise EventHandlerException(
mpf.core.events.EventHandlerException: Exception while processing RegisteredHandler(callback=<bound method Stepper.event_move_to_position of <stepper.right_flipper_stepper>>, priority=6, kwargs={'position': -11.0}, key=UUID('8de3dd0b-7690-4f59-a62b-145b90ef4ece'), condition=None, blocking_facility=None) for event right_rest. _move_to_absolute_position: position argument beyond limits
2024-09-08 22:49:42,043 : INFO : root : MPF run loop ended.
