2025-03-30 17:49:06,415 : INFO : root : Loading config.
2025-03-30 17:49:06,427 : INFO : YamlMultifileConfigLoader : Machine config file #1: config.yaml
2025-03-30 17:49:06,427 : INFO : ConfigProcessor : Loading config from cache: C:\Users\homebrew\AppData\Local\Temp\775282453bb9ae39cad69c39ab867a35.mpf_cache
2025-03-30 17:49:06,510 : INFO : ConfigProcessor : Loading config from cache: C:\Users\homebrew\AppData\Local\Temp\14eb6f99ffd433bf1b6bfef7e8b96202.mpf_cache
2025-03-30 17:49:06,510 : INFO : ConfigProcessor : Loading config from cache: C:\Users\homebrew\AppData\Local\Temp\8864efb2a88f9c685592172f4fd0a6a3.mpf_cache
2025-03-30 17:49:06,510 : INFO : ConfigProcessor : Loading config from cache: C:\Users\homebrew\AppData\Local\Temp\1352604168843921958881d1d8dd3c1b.mpf_cache
2025-03-30 17:49:06,510 : INFO : ConfigProcessor : Loading config from cache: C:\Users\homebrew\AppData\Local\Temp\14eb6f99ffd433bf1b6bfef7e8b96202.mpf_cache
2025-03-30 17:49:06,510 : INFO : ConfigProcessor : Loading config from cache: C:\Users\homebrew\AppData\Local\Temp\8864efb2a88f9c685592172f4fd0a6a3.mpf_cache
2025-03-30 17:49:06,510 : INFO : ConfigProcessor : Loading config from cache: C:\Users\homebrew\AppData\Local\Temp\82108c9d10735fbef5e8cced18b7d831.mpf_cache
2025-03-30 17:49:06,510 : INFO : ConfigProcessor : Loading config from cache: C:\Users\homebrew\AppData\Local\Temp\81d0f34cbd4c6d61cd4dad95e5100b6a.mpf_cache
2025-03-30 17:49:06,510 : INFO : ConfigProcessor : Loading config from cache: C:\Users\homebrew\AppData\Local\Temp\85b30d06c34a199299d858e267dca599.mpf_cache
2025-03-30 17:49:06,510 : INFO : ConfigProcessor : Loading config from cache: C:\Users\homebrew\AppData\Local\Temp\b6a0c3fa509e03dd7943cf1395b72ece.mpf_cache
2025-03-30 17:49:06,510 : INFO : ConfigProcessor : Loading config from cache: C:\Users\homebrew\AppData\Local\Temp\d18a920afddb781d4f34b36ac5cb2e09.mpf_cache
2025-03-30 17:49:06,510 : INFO : ConfigProcessor : Loading config from cache: C:\Users\homebrew\AppData\Local\Temp\50de7258194ae9293cbe8c4fce9577e7.mpf_cache
2025-03-30 17:49:06,510 : INFO : ConfigProcessor : Loading config from cache: C:\Users\homebrew\AppData\Local\Temp\2a76f107a833b8953199c5c910a26856.mpf_cache
2025-03-30 17:49:06,510 : INFO : ConfigProcessor : Loading config from cache: C:\Users\homebrew\AppData\Local\Temp\529fba7289b2d9f945cd5a4488c8b5fa.mpf_cache
2025-03-30 17:49:06,510 : INFO : ConfigProcessor : Loading config from cache: C:\Users\homebrew\AppData\Local\Temp\8c97cf9697840e2ca000923ba54f1b48.mpf_cache
2025-03-30 17:49:06,510 : INFO : ConfigProcessor : Loading config from cache: C:\Users\homebrew\AppData\Local\Temp\e8cb3f2c2e9a26851ec893c5156e3f7c.mpf_cache
2025-03-30 17:49:06,510 : INFO : ConfigProcessor : Loading config from cache: C:\Users\homebrew\AppData\Local\Temp\67cfb29d96313268f86362bebab46239.mpf_cache
2025-03-30 17:49:06,510 : INFO : Machine : Mission Pinball Framework Core Engine v0.80.0.dev4
2025-03-30 17:49:06,510 : INFO : Machine : Command line arguments: {'no_load_cache': False, 'create_config_cache': True, 'bcp': True, 'configfile': ['config.yaml'], 'force_assets_load': False, 'platform_integration_test': False, 'jsonlogging': False, 'logfile': 'logs\\2025-03-30-17-49-06-mpf-mpf.log', 'pause': False, 'production': False, 'text_ui': True, 'loglevel': 15, 'consoleloglevel': 20, 'force_platform': None, 'syslog_address': None, 'mc_file_name': None, 'no_sound': False, 'full_logfile_path': 'C:\\Users\\homebrew\\Desktop\\thing_pinball\\logs\\2025-03-30-17-49-06-mpf-mpf.log'}
2025-03-30 17:49:06,510 : INFO : Machine : MPF path: C:\Users\homebrew\AppData\Local\Programs\Python\Python312\Lib\site-packages\mpf
2025-03-30 17:49:06,510 : INFO : Machine : Machine path: C:\Users\homebrew\Desktop\thing_pinball
2025-03-30 17:49:06,510 : INFO : Machine : Platform: win32
2025-03-30 17:49:06,510 : INFO : Machine : Python executable location: C:\Users\homebrew\AppData\Local\Programs\Python\Python312\python.exe
2025-03-30 17:49:06,510 : INFO : Machine : Python version: 3.12.3 (64-bit)
2025-03-30 17:49:06,510 : INFO : Machine : Initializing MPF...
2025-03-30 17:49:06,731 : INFO : FAST [NET] : Trying to connect to com4 at 921600bps
2025-03-30 17:49:06,731 : INFO : FAST [NET] : Connected to com4 at 921600bps
2025-03-30 17:49:06,746 : INFO : FAST [NET] : Connected to FP-CPU-2000 with firmware v02.21
2025-03-30 17:49:06,778 : INFO : FAST [NET] : Registered I/O Board 0: Model: FP-I/O-0024, Firmware: 01.10, Switches: 24, Drivers: 8
2025-03-30 17:49:06,794 : INFO : FAST [NET] : Registered I/O Board 1: Model: FP-I/O-3208, Firmware: 01.10, Switches: 32, Drivers: 8
2025-03-30 17:49:06,794 : INFO : FAST [NET] : Registered I/O Board 2: Model: FP-I/O-0804, Firmware: 01.10, Switches: 8, Drivers: 4
2025-03-30 17:49:06,810 : INFO : FAST [NET] : Registered I/O Board 3: Model: FP-I/O-0804, Firmware: 01.10, Switches: 8, Drivers: 4
2025-03-30 17:49:06,810 : INFO : EventManager : Event: ======'machine_var_credits_string'====== Args={'value': 'FREE PLAY', 'prev_value': None, 'change': True}
2025-03-30 17:49:06,826 : INFO : EventManager : Event: ======'machine_var_master_volume'====== Args={'value': 0.5, 'prev_value': None, 'change': True}
2025-03-30 17:49:06,826 : INFO : EventManager : Event: ======'machine_var_game_mode_dog_hunt_complete'====== Args={'value': 0, 'prev_value': None, 'change': True}
2025-03-30 17:49:06,826 : INFO : EventManager : Event: ======'machine_var_game_mode_discovery_complete'====== Args={'value': 0, 'prev_value': None, 'change': True}
2025-03-30 17:49:06,826 : INFO : EventManager : Event: ======'machine_var_game_mode_infected_complete'====== Args={'value': 0, 'prev_value': None, 'change': True}
2025-03-30 17:49:06,826 : INFO : EventManager : Event: ======'machine_var_game_mode_blood_test_complete'====== Args={'value': 0, 'prev_value': None, 'change': True}
2025-03-30 17:49:06,826 : INFO : EventManager : Event: ======'machine_var_game_mode_spider_head_complete'====== Args={'value': 0, 'prev_value': None, 'change': True}
2025-03-30 17:49:06,826 : INFO : EventManager : Event: ======'machine_var_game_mode_wizard_complete'====== Args={'value': 0, 'prev_value': None, 'change': True}
2025-03-30 17:49:06,826 : INFO : EventManager : Event: ======'machine_var_game_mode_ball_lock_complete'====== Args={'value': 0, 'prev_value': None, 'change': True}
2025-03-30 17:49:06,826 : INFO : EventManager : Event: ======'machine_var_game_mode_multiball_complete'====== Args={'value': 0, 'prev_value': None, 'change': True}
2025-03-30 17:49:06,826 : INFO : EventManager : Event: ======'machine_var_mpf_version'====== Args={'value': 'Mission Pinball Framework v0.80.0.dev4', 'prev_value': None, 'change': True}
2025-03-30 17:49:06,826 : INFO : EventManager : Event: ======'machine_var_mpf_extended_version'====== Args={'value': 'Mission Pinball Framework v0.80.0.dev4, Config version:6, Show version: 6, BCP version:1.1', 'prev_value': None, 'change': True}
2025-03-30 17:49:06,826 : INFO : EventManager : Event: ======'machine_var_python_version'====== Args={'value': '3.12.3', 'prev_value': None, 'change': True}
2025-03-30 17:49:06,956 : INFO : EventManager : Event: ======'machine_var_platform'====== Args={'value': 'Windows-11-10.0.26100-SP0', 'prev_value': None, 'change': True}
2025-03-30 17:49:06,956 : INFO : EventManager : Event: ======'machine_var_platform_system'====== Args={'value': 'Windows', 'prev_value': None, 'change': True}
2025-03-30 17:49:06,956 : INFO : EventManager : Event: ======'machine_var_platform_release'====== Args={'value': '11', 'prev_value': None, 'change': True}
2025-03-30 17:49:06,956 : INFO : EventManager : Event: ======'machine_var_platform_version'====== Args={'value': '10.0.26100', 'prev_value': None, 'change': True}
2025-03-30 17:49:06,956 : INFO : EventManager : Event: ======'machine_var_platform_machine'====== Args={'value': 'AMD64', 'prev_value': None, 'change': True}
2025-03-30 17:49:06,956 : INFO : EventManager : Event: ======'machine_var_log_file_path'====== Args={'value': 'C:\\Users\\homebrew\\Desktop\\thing_pinball\\logs\\2025-03-30-17-49-06-mpf-mpf.log', 'prev_value': None, 'change': True}
2025-03-30 17:49:06,956 : INFO : EventManager : Event: ======'init_phase_1'====== Args={}
2025-03-30 17:49:06,991 : WARNING : ConfigValidator : Unrecognized config setting. "switches:s_3bank_tgt_d:invert" is not a valid setting name.
2025-03-30 17:49:06,991 : WARNING : ConfigValidator : Unrecognized config setting. "switches:s_3bank_tgt_o:invert" is not a valid setting name.
2025-03-30 17:49:06,991 : WARNING : ConfigValidator : Unrecognized config setting. "switches:s_3bank_tgt_g:invert" is not a valid setting name.
2025-03-30 17:49:06,995 : WARNING : ConfigValidator : Unrecognized config setting. "mode:dog_hunt:timers:dog_hunt_timer:events_when_complete" is not a valid setting name.
2025-03-30 17:49:06,995 : WARNING : ConfigValidator : Unrecognized config setting. "mode:discovery:timers:discovery_timer:events_when_complete" is not a valid setting name.
2025-03-30 17:49:06,995 : WARNING : ConfigValidator : Unrecognized config setting. "mode:base:timers:mode_timer:events_when_complete" is not a valid setting name.
2025-03-30 17:49:06,995 : WARNING : ConfigValidator : Unrecognized config setting. "mode:infected:timers:infected_timer:events_when_complete" is not a valid setting name.
2025-03-30 17:49:06,995 : WARNING : ConfigValidator : Unrecognized config setting. "mode:spider_head:timers:spider_head_timer:events_when_complete" is not a valid setting name.
2025-03-30 17:49:06,997 : WARNING : ConfigValidator : Unrecognized config setting. "mode:blood_test:timers:blood_test_timer:events_when_complete" is not a valid setting name.
2025-03-30 17:49:06,997 : WARNING : ConfigValidator : Unrecognized config setting. "mode:multiball:timers:multiball_jackpot_timer:events_when_complete" is not a valid setting name.
2025-03-30 17:49:06,997 : WARNING : ConfigValidator : Unrecognized config setting. "mode:multiball:timers:right_ramp_validity_timer:events_when_complete" is not a valid setting name.
2025-03-30 17:49:06,997 : WARNING : ConfigValidator : Unrecognized config setting. "mode:wizard:timers:wizard_timer:events_when_complete" is not a valid setting name.
2025-03-30 17:49:06,999 : INFO : EventManager : Event: ======'drop_target_bank_vuk_bank_up'====== Args={}
2025-03-30 17:49:07,004 : INFO : EventManager : Event: ======'logicblock_spinner_value_updated'====== Args={'value': 0, 'enabled': False}
2025-03-30 17:49:07,004 : INFO : EventManager : Event: ======'logicblock_newton_hit_counter_updated'====== Args={'value': 0, 'enabled': False}
2025-03-30 17:49:09,605 : WARNING : Machine : Iterating device collections directly is deprecated and will be removed. Access by value(): device_collections[switches] -> device_collections['switches'].values()
2025-03-30 17:49:09,605 : INFO : SwitchController : <<<<<<< 's_trough_7' active >>>>>>>
2025-03-30 17:49:09,605 : INFO : SwitchController : <<<<<<< 's_trough_ball' active >>>>>>>
2025-03-30 17:49:09,605 : INFO : SwitchController : <<<<<<< 's_shooter_lane' active >>>>>>>
2025-03-30 17:49:09,605 : INFO : SwitchController : <<<<<<< 's_mode_opto' active >>>>>>>
2025-03-30 17:49:09,605 : INFO : SwitchController : <<<<<<< 's_3bank_tgt_d' active >>>>>>>
2025-03-30 17:49:09,605 : INFO : SwitchController : <<<<<<< 's_3bank_tgt_o' active >>>>>>>
2025-03-30 17:49:09,607 : INFO : SwitchController : <<<<<<< 's_3bank_tgt_g' active >>>>>>>
2025-03-30 17:49:09,607 : INFO : SwitchController : <<<<<<< 's_newton_opto_made' active >>>>>>>
2025-03-30 17:49:09,607 : INFO : SwitchController : <<<<<<< 's_start_button' active >>>>>>>
2025-03-30 17:49:09,611 : INFO : EventManager : Event: ======'init_phase_2'====== Args={}
2025-03-30 17:49:09,611 : INFO : SwitchController : Found active switch: (38, [FAST Platform Interface]) <switch.s_trough_7>
2025-03-30 17:49:09,611 : INFO : SwitchController : Found active switch: (52, [FAST Platform Interface]) <switch.s_trough_ball>
2025-03-30 17:49:09,611 : INFO : SwitchController : Found active switch: (66, [FAST Platform Interface]) <switch.s_shooter_lane>
2025-03-30 17:49:09,611 : INFO : SwitchController : Found active switch: (64, [FAST Platform Interface]) <switch.s_mode_opto>
2025-03-30 17:49:09,611 : INFO : SwitchController : Found active switch: (50, [FAST Platform Interface]) <switch.s_3bank_tgt_d>
2025-03-30 17:49:09,611 : INFO : SwitchController : Found active switch: (49, [FAST Platform Interface]) <switch.s_3bank_tgt_o>
2025-03-30 17:49:09,611 : INFO : SwitchController : Found active switch: (53, [FAST Platform Interface]) <switch.s_3bank_tgt_g>
2025-03-30 17:49:09,611 : INFO : SwitchController : Found active switch: (45, [FAST Platform Interface]) <switch.s_newton_opto_made>
2025-03-30 17:49:09,611 : INFO : SwitchController : Found active switch: (10, [FAST Platform Interface]) <switch.s_start_button>
2025-03-30 17:49:09,617 : WARNING : ConfigValidator : Unrecognized config setting. "slide_player:widgets" is not a valid setting name.
2025-03-30 17:49:09,617 : WARNING : ConfigValidator : Unrecognized config setting. "slide_player:widgets" is not a valid setting name.
2025-03-30 17:49:09,617 : WARNING : ConfigValidator : Unrecognized config setting. "slide_player:widgets" is not a valid setting name.
2025-03-30 17:49:09,617 : WARNING : ConfigValidator : Unrecognized config setting. "slide_player:widgets" is not a valid setting name.
2025-03-30 17:49:09,617 : WARNING : ConfigValidator : Unrecognized config setting. "slide_player:widgets" is not a valid setting name.
2025-03-30 17:49:09,617 : WARNING : ConfigValidator : Unrecognized config setting. "slide_player:widgets" is not a valid setting name.
2025-03-30 17:49:09,617 : WARNING : ConfigValidator : Unrecognized config setting. "slide_player:widgets" is not a valid setting name.
2025-03-30 17:49:09,617 : WARNING : ConfigValidator : Unrecognized config setting. "slide_player:widgets" is not a valid setting name.
2025-03-30 17:49:09,617 : WARNING : ConfigValidator : Unrecognized config setting. "slide_player:widgets" is not a valid setting name.
2025-03-30 17:49:09,617 : WARNING : ConfigValidator : Unrecognized config setting. "slide_player:widgets" is not a valid setting name.
2025-03-30 17:49:09,617 : WARNING : ConfigValidator : Unrecognized config setting. "slide_player:widgets" is not a valid setting name.
2025-03-30 17:49:09,617 : WARNING : ConfigValidator : Unrecognized config setting. "slide_player:widgets" is not a valid setting name.
2025-03-30 17:49:09,617 : WARNING : ConfigValidator : Unrecognized config setting. "slide_player:widgets" is not a valid setting name.
2025-03-30 17:49:09,617 : WARNING : ConfigValidator : Unrecognized config setting. "slide_player:widgets" is not a valid setting name.
2025-03-30 17:49:09,617 : WARNING : ConfigValidator : Unrecognized config setting. "slide_player:widgets" is not a valid setting name.
2025-03-30 17:49:09,617 : WARNING : ConfigValidator : Unrecognized config setting. "slide_player:widgets" is not a valid setting name.
2025-03-30 17:49:09,619 : WARNING : ConfigValidator : Unrecognized config setting. "slide_player:widgets" is not a valid setting name.
2025-03-30 17:49:09,619 : WARNING : ConfigValidator : Unrecognized config setting. "slide_player:widgets" is not a valid setting name.
2025-03-30 17:49:09,619 : WARNING : ConfigValidator : Unrecognized config setting. "slide_player:widgets" is not a valid setting name.
2025-03-30 17:49:09,619 : WARNING : ConfigValidator : Unrecognized config setting. "slide_player:widgets" is not a valid setting name.
2025-03-30 17:49:09,619 : WARNING : ConfigValidator : Unrecognized config setting. "slide_player:widgets" is not a valid setting name.
2025-03-30 17:49:09,619 : WARNING : ConfigValidator : Unrecognized config setting. "slide_player:widgets" is not a valid setting name.
2025-03-30 17:49:09,619 : WARNING : ConfigValidator : Unrecognized config setting. "slide_player:widgets" is not a valid setting name.
2025-03-30 17:49:09,619 : WARNING : ConfigValidator : Unrecognized config setting. "slide_player:widgets" is not a valid setting name.
2025-03-30 17:49:09,619 : WARNING : ConfigValidator : Unrecognized config setting. "slide_player:widgets" is not a valid setting name.
2025-03-30 17:49:09,619 : WARNING : ConfigValidator : Unrecognized config setting. "slide_player:widgets" is not a valid setting name.
2025-03-30 17:49:09,619 : WARNING : ConfigValidator : Unrecognized config setting. "slide_player:widgets" is not a valid setting name.
2025-03-30 17:49:09,621 : WARNING : ConfigValidator : Unrecognized config setting. "high_score:events_when_complete" is not a valid setting name.
2025-03-30 17:49:09,621 : INFO : EventManager : Event: ======'machine_var_score1_label'====== Args={'value': 'GRAND CHAMPION', 'prev_value': None, 'change': True}
2025-03-30 17:49:09,621 : INFO : EventManager : Event: ======'machine_var_score1_name'====== Args={'value': 'THING', 'prev_value': None, 'change': True}
2025-03-30 17:49:09,621 : INFO : EventManager : Event: ======'machine_var_score1_value'====== Args={'value': 5000000, 'prev_value': None, 'change': True}
2025-03-30 17:49:09,621 : INFO : EventManager : Event: ======'machine_var_score2_label'====== Args={'value': 'HIGH SCORE 1', 'prev_value': None, 'change': True}
2025-03-30 17:49:09,621 : INFO : EventManager : Event: ======'machine_var_score2_name'====== Args={'value': 'MPF', 'prev_value': None, 'change': True}
2025-03-30 17:49:09,621 : INFO : EventManager : Event: ======'machine_var_score2_value'====== Args={'value': 4000000, 'prev_value': None, 'change': True}
2025-03-30 17:49:09,621 : INFO : EventManager : Event: ======'machine_var_score3_label'====== Args={'value': 'HIGH SCORE 2', 'prev_value': None, 'change': True}
2025-03-30 17:49:09,621 : INFO : EventManager : Event: ======'machine_var_score3_name'====== Args={'value': 'PINBALL', 'prev_value': None, 'change': True}
2025-03-30 17:49:09,621 : INFO : EventManager : Event: ======'machine_var_score3_value'====== Args={'value': 3000000, 'prev_value': None, 'change': True}
2025-03-30 17:49:09,621 : INFO : EventManager : Event: ======'machine_var_score4_label'====== Args={'value': 'HIGH SCORE 3', 'prev_value': None, 'change': True}
2025-03-30 17:49:09,621 : INFO : EventManager : Event: ======'machine_var_score4_name'====== Args={'value': 'WIZARD', 'prev_value': None, 'change': True}
2025-03-30 17:49:09,621 : INFO : EventManager : Event: ======'machine_var_score4_value'====== Args={'value': 2000000, 'prev_value': None, 'change': True}
2025-03-30 17:49:09,621 : INFO : EventManager : Event: ======'machine_var_score5_label'====== Args={'value': 'HIGH SCORE 4', 'prev_value': None, 'change': True}
2025-03-30 17:49:09,621 : INFO : EventManager : Event: ======'machine_var_score5_name'====== Args={'value': 'PLAYER', 'prev_value': None, 'change': True}
2025-03-30 17:49:09,621 : INFO : EventManager : Event: ======'machine_var_score5_value'====== Args={'value': 1000000, 'prev_value': None, 'change': True}
2025-03-30 17:49:09,624 : INFO : EventManager : Event: ======'bcp_connection_attempt'====== Args={'name': 'local_display', 'host': 'localhost', 'port': 5050}
2025-03-30 17:49:09,624 : INFO : BCPClientSocket : Connecting BCP to 'local_display' at localhost:5050...
2025-03-30 17:49:28,916 : INFO : SwitchController : <<<<<<< 's_shooter_lane' inactive >>>>>>>
2025-03-30 17:49:30,905 : INFO : SwitchController : <<<<<<< 's_trough_2' active >>>>>>>
2025-03-30 17:49:30,985 : INFO : SwitchController : <<<<<<< 's_trough_2' inactive >>>>>>>
2025-03-30 17:49:31,049 : INFO : SwitchController : <<<<<<< 's_trough_3' active >>>>>>>
2025-03-30 17:49:31,114 : INFO : SwitchController : <<<<<<< 's_trough_3' inactive >>>>>>>
2025-03-30 17:49:31,178 : INFO : SwitchController : <<<<<<< 's_trough_4' active >>>>>>>
2025-03-30 17:49:31,210 : INFO : SwitchController : <<<<<<< 's_trough_4' inactive >>>>>>>
2025-03-30 17:49:31,274 : INFO : SwitchController : <<<<<<< 's_trough_5' active >>>>>>>
2025-03-30 17:49:31,306 : INFO : SwitchController : <<<<<<< 's_trough_5' inactive >>>>>>>
2025-03-30 17:49:31,354 : INFO : SwitchController : <<<<<<< 's_trough_6' active >>>>>>>
2025-03-30 17:49:31,386 : INFO : SwitchController : <<<<<<< 's_trough_6' inactive >>>>>>>
2025-03-30 17:49:31,467 : INFO : SwitchController : <<<<<<< 's_trough_6' active >>>>>>>
2025-03-30 17:49:35,555 : INFO : SwitchController : <<<<<<< 's_start_button' inactive >>>>>>>
2025-03-30 17:49:35,780 : INFO : SwitchController : <<<<<<< 's_start_button' active >>>>>>>
2025-03-30 17:49:35,780 : INFO : EventManager : Event: ======'s_start_button_active'====== Args={}
2025-03-30 17:49:35,780 : INFO : EventManager : Event: ======'game_start'====== Args={'priority': 0}
2025-03-30 17:49:35,780 : INFO : EventManager : Event: ======'mode_game_will_start'====== Args={'priority': 0}
2025-03-30 17:49:35,784 : ERROR : asyncio : Exception in callback EventManager.process_event_queue()
handle: <Handle EventManager.process_event_queue()>
Traceback (most recent call last):
  File "C:\Users\homebrew\AppData\Local\Programs\Python\Python312\Lib\site-packages\mpf\core\events.py", line 755, in _run_handlers
    result = handler.callback(**merged_kwargs)
             ^^^^^^^^^^^^^^^^^^^^^^^^^^^^^^^^^
  File "C:\Users\homebrew\AppData\Local\Programs\Python\Python312\Lib\site-packages\mpf\core\mode.py", line 218, in start
    result = item.method(config=self.config.get(item.config_section, self.config),
             ^^^^^^^^^^^^^^^^^^^^^^^^^^^^^^^^^^^^^^^^^^^^^^^^^^^^^^^^^^^^^^^^^^^^^
  File "C:\Users\homebrew\AppData\Local\Programs\Python\Python312\Lib\site-packages\mpf\core\config_player.py", line 221, in mode_start
    event_keys = self.register_player_events(config, mode, priority)
                 ^^^^^^^^^^^^^^^^^^^^^^^^^^^^^^^^^^^^^^^^^^^^^^^^^^^
  File "C:\Users\homebrew\AppData\Local\Programs\Python\Python312\Lib\site-packages\mpf\config_players\plugin_player.py", line 58, in register_player_events
    self.bcp_client = self._get_bcp_client(config)
                      ^^^^^^^^^^^^^^^^^^^^^^^^^^^^
  File "C:\Users\homebrew\AppData\Local\Programs\Python\Python312\Lib\site-packages\mpf\config_players\plugin_player.py", line 33, in _get_bcp_client
    raise AssertionError(
AssertionError: bcp connection local_display not found

The above exception was the direct cause of the following exception:

Traceback (most recent call last):
  File "C:\Users\homebrew\AppData\Local\Programs\Python\Python312\Lib\asyncio\events.py", line 88, in _run
    self._context.run(self._callback, *self._args)
  File "C:\Users\homebrew\AppData\Local\Programs\Python\Python312\Lib\site-packages\mpf\core\events.py", line 846, in process_event_queue
    self._process_event(event=event[0],
  File "C:\Users\homebrew\AppData\Local\Programs\Python\Python312\Lib\site-packages\mpf\core\events.py", line 808, in _process_event
    result = self._run_handlers(event, ev_type, kwargs)
             ^^^^^^^^^^^^^^^^^^^^^^^^^^^^^^^^^^^^^^^^^^
  File "C:\Users\homebrew\AppData\Local\Programs\Python\Python312\Lib\site-packages\mpf\core\events.py", line 757, in _run_handlers
    raise EventHandlerException(
mpf.core.events.EventHandlerException: Exception while processing RegisteredHandler(callback=<bound method Mode.start of <Mode.game>>, priority=20, kwargs={}, key=UUID('60fb6ffc-dcfb-4e4a-abba-05b82f524456'), condition=None, blocking_facility=None) for event game_start. bcp connection local_display not found
2025-03-30 17:49:35,844 : INFO : Machine : Starting the main run loop.
2025-03-30 17:49:35,844 : INFO : Machine : Shutting down...
2025-03-30 17:49:35,844 : INFO : EventManager : Event: ======'shutdown'====== Args={}
2025-03-30 17:49:36,936 : ERROR : Machine : Runtime Exception
Traceback (most recent call last):
  File "C:\Users\homebrew\AppData\Local\Programs\Python\Python312\Lib\site-packages\mpf\core\events.py", line 755, in _run_handlers
    result = handler.callback(**merged_kwargs)
             ^^^^^^^^^^^^^^^^^^^^^^^^^^^^^^^^^
  File "C:\Users\homebrew\AppData\Local\Programs\Python\Python312\Lib\site-packages\mpf\core\mode.py", line 218, in start
    result = item.method(config=self.config.get(item.config_section, self.config),
             ^^^^^^^^^^^^^^^^^^^^^^^^^^^^^^^^^^^^^^^^^^^^^^^^^^^^^^^^^^^^^^^^^^^^^
  File "C:\Users\homebrew\AppData\Local\Programs\Python\Python312\Lib\site-packages\mpf\core\config_player.py", line 221, in mode_start
    event_keys = self.register_player_events(config, mode, priority)
                 ^^^^^^^^^^^^^^^^^^^^^^^^^^^^^^^^^^^^^^^^^^^^^^^^^^^
  File "C:\Users\homebrew\AppData\Local\Programs\Python\Python312\Lib\site-packages\mpf\config_players\plugin_player.py", line 58, in register_player_events
    self.bcp_client = self._get_bcp_client(config)
                      ^^^^^^^^^^^^^^^^^^^^^^^^^^^^
  File "C:\Users\homebrew\AppData\Local\Programs\Python\Python312\Lib\site-packages\mpf\config_players\plugin_player.py", line 33, in _get_bcp_client
    raise AssertionError(
AssertionError: bcp connection local_display not found

The above exception was the direct cause of the following exception:

Traceback (most recent call last):
  File "C:\Users\homebrew\AppData\Local\Programs\Python\Python312\Lib\site-packages\mpf\core\machine.py", line 793, in _run_loop
    raise self._exception['exception']
  File "C:\Users\homebrew\AppData\Local\Programs\Python\Python312\Lib\asyncio\events.py", line 88, in _run
    self._context.run(self._callback, *self._args)
  File "C:\Users\homebrew\AppData\Local\Programs\Python\Python312\Lib\site-packages\mpf\core\events.py", line 846, in process_event_queue
    self._process_event(event=event[0],
  File "C:\Users\homebrew\AppData\Local\Programs\Python\Python312\Lib\site-packages\mpf\core\events.py", line 808, in _process_event
    result = self._run_handlers(event, ev_type, kwargs)
             ^^^^^^^^^^^^^^^^^^^^^^^^^^^^^^^^^^^^^^^^^^
  File "C:\Users\homebrew\AppData\Local\Programs\Python\Python312\Lib\site-packages\mpf\core\events.py", line 757, in _run_handlers
    raise EventHandlerException(
mpf.core.events.EventHandlerException: Exception while processing RegisteredHandler(callback=<bound method Mode.start of <Mode.game>>, priority=20, kwargs={}, key=UUID('60fb6ffc-dcfb-4e4a-abba-05b82f524456'), condition=None, blocking_facility=None) for event game_start. bcp connection local_display not found
2025-03-30 17:49:36,950 : INFO : root : MPF run loop ended.
